<?xml version="1.0" encoding="UTF-8"?>
<beans xmlns="http://www.springframework.org/schema/beans"
       xmlns:xsi="http://www.w3.org/2001/XMLSchema-instance"
	   xmlns:broker="http://activemq.apache.org/schema/core"
	   xmlns:oxm="http://www.springframework.org/schema/oxm"
           xmlns:util="http://www.springframework.org/schema/util"
       xsi:schemaLocation="
       http://www.springframework.org/schema/beans http://www.springframework.org/schema/beans/spring-beans.xsd
       http://www.springframework.org/schema/oxm http://www.springframework.org/schema/oxm/spring-oxm-3.0.xsd
       http://www.springframework.org/schema/util http://www.springframework.org/schema/util/spring-util-3.0.xsd
       ">

	<bean id="geocoder" class="com.google.code.geocoder.Geocoder" />
	
	<bean id="mapService" class="com.nebulent.vectura.services.impl.MapServiceImpl" autowire="byType" />
	
	<bean id="signatureService" class="com.nebulent.vectura.services.impl.SignatureServiceImpl" />
	
	<bean id="authenticationService" class="com.nebulent.vectura.services.impl.AuthenticationServiceImpl" autowire="byType">
		<!--property name="signatureService" ref="signatureService" />
		<property name="coreRepository" ref="mongoRepository" /-->
	</bean>
	
	<bean id="vecturaService" class="com.nebulent.vectura.services.resources.v1.impl.VecturaServiceImpl" autowire="byName" />
	
	<bean id="adminService" class="com.nebulent.vectura.services.resources.v1.impl.VecturaAdminServiceImpl" autowire="byName" />
	
</beans>
